<?xml version="1.0" encoding="UTF-8"?>
<!-- Generated by org.testng.reporters.JUnitReportReporter -->
<testsuite hostname="DESKTOP-2THDRJ9" failures="0" tests="3" name="testcases.SimplilearnLogin" time="37.628" errors="0" timestamp="2022-09-23T16:46:17 IST" skipped="0">
  <testcase classname="testcases.SimplilearnLogin" name="Test1" time="11.494"/>
  <system-out/>
  <testcase classname="testcases.SimplilearnLogin" name="Test2" time="13.597"/>
  <system-out/>
  <testcase classname="testcases.SimplilearnLogin" name="Test3" time="12.537"/>
  <system-out/>
</testsuite> <!-- testcases.SimplilearnLogin -->
